C:\Users\aanchalbansal\source\repos\DPMTrainingRequest\DPMTrainingRequest\client\DPM_TrainingRequest\dist\out-tsc\app\new-training-request\new-training-request.component.js
C:\Users\aanchalbansal\source\repos\DPMTrainingRequest\DPMTrainingRequest\client\DPM_TrainingRequest\dist\out-tsc\app\new-training-request\new-training-request.component.js.map
C:\Users\aanchalbansal\source\repos\DPMTrainingRequest\DPMTrainingRequest\client\DPM_TrainingRequest\dist\out-tsc\app\request-queue\request-queue.component.js
C:\Users\aanchalbansal\source\repos\DPMTrainingRequest\DPMTrainingRequest\client\DPM_TrainingRequest\dist\out-tsc\app\request-queue\request-queue.component.js.map
C:\Users\aanchalbansal\source\repos\DPMTrainingRequest\DPMTrainingRequest\client\DPM_TrainingRequest\dist\out-tsc\app\overview\overview.component.js
C:\Users\aanchalbansal\source\repos\DPMTrainingRequest\DPMTrainingRequest\client\DPM_TrainingRequest\dist\out-tsc\app\overview\overview.component.js.map
C:\Users\aanchalbansal\source\repos\DPMTrainingRequest\DPMTrainingRequest\client\DPM_TrainingRequest\dist\out-tsc\app\certifications\certifications.component.js
C:\Users\aanchalbansal\source\repos\DPMTrainingRequest\DPMTrainingRequest\client\DPM_TrainingRequest\dist\out-tsc\app\certifications\certifications.component.js.map
C:\Users\aanchalbansal\source\repos\DPMTrainingRequest\DPMTrainingRequest\client\DPM_TrainingRequest\dist\out-tsc\app\communications\communications.component.js
C:\Users\aanchalbansal\source\repos\DPMTrainingRequest\DPMTrainingRequest\client\DPM_TrainingRequest\dist\out-tsc\app\communications\communications.component.js.map
C:\Users\aanchalbansal\source\repos\DPMTrainingRequest\DPMTrainingRequest\client\DPM_TrainingRequest\dist\out-tsc\app\app-routing.module.js
C:\Users\aanchalbansal\source\repos\DPMTrainingRequest\DPMTrainingRequest\client\DPM_TrainingRequest\dist\out-tsc\app\app-routing.module.js.map
C:\Users\aanchalbansal\source\repos\DPMTrainingRequest\DPMTrainingRequest\client\DPM_TrainingRequest\dist\out-tsc\app\app.component.js
C:\Users\aanchalbansal\source\repos\DPMTrainingRequest\DPMTrainingRequest\client\DPM_TrainingRequest\dist\out-tsc\app\app.component.js.map
C:\Users\aanchalbansal\source\repos\DPMTrainingRequest\DPMTrainingRequest\client\DPM_TrainingRequest\dist\out-tsc\app\nav-menu\nav-menu.component.js
C:\Users\aanchalbansal\source\repos\DPMTrainingRequest\DPMTrainingRequest\client\DPM_TrainingRequest\dist\out-tsc\app\nav-menu\nav-menu.component.js.map
C:\Users\aanchalbansal\source\repos\DPMTrainingRequest\DPMTrainingRequest\client\DPM_TrainingRequest\dist\out-tsc\shared-dev-ex.module.js
C:\Users\aanchalbansal\source\repos\DPMTrainingRequest\DPMTrainingRequest\client\DPM_TrainingRequest\dist\out-tsc\shared-dev-ex.module.js.map
C:\Users\aanchalbansal\source\repos\DPMTrainingRequest\DPMTrainingRequest\client\DPM_TrainingRequest\dist\out-tsc\app\app.module.js
C:\Users\aanchalbansal\source\repos\DPMTrainingRequest\DPMTrainingRequest\client\DPM_TrainingRequest\dist\out-tsc\app\app.module.js.map
C:\Users\aanchalbansal\source\repos\DPMTrainingRequest\DPMTrainingRequest\client\DPM_TrainingRequest\dist\out-tsc\main.js
C:\Users\aanchalbansal\source\repos\DPMTrainingRequest\DPMTrainingRequest\client\DPM_TrainingRequest\dist\out-tsc\main.js.map
C:\Users\aanchalbansal\source\repos\DPMTrainingRequest\DPMTrainingRequest\client\DPM_TrainingRequest\dist\out-tsc\app\app.component.spec.js
C:\Users\aanchalbansal\source\repos\DPMTrainingRequest\DPMTrainingRequest\client\DPM_TrainingRequest\dist\out-tsc\app\app.component.spec.js.map
C:\Users\aanchalbansal\source\repos\DPMTrainingRequest\DPMTrainingRequest\client\DPM_TrainingRequest\dist\out-tsc\app\certifications\certifications.component.spec.js
C:\Users\aanchalbansal\source\repos\DPMTrainingRequest\DPMTrainingRequest\client\DPM_TrainingRequest\dist\out-tsc\app\certifications\certifications.component.spec.js.map
C:\Users\aanchalbansal\source\repos\DPMTrainingRequest\DPMTrainingRequest\client\DPM_TrainingRequest\dist\out-tsc\app\communications\communications.component.spec.js
C:\Users\aanchalbansal\source\repos\DPMTrainingRequest\DPMTrainingRequest\client\DPM_TrainingRequest\dist\out-tsc\app\communications\communications.component.spec.js.map
C:\Users\aanchalbansal\source\repos\DPMTrainingRequest\DPMTrainingRequest\client\DPM_TrainingRequest\dist\out-tsc\app\nav-menu\nav-menu.component.spec.js
C:\Users\aanchalbansal\source\repos\DPMTrainingRequest\DPMTrainingRequest\client\DPM_TrainingRequest\dist\out-tsc\app\nav-menu\nav-menu.component.spec.js.map
C:\Users\aanchalbansal\source\repos\DPMTrainingRequest\DPMTrainingRequest\client\DPM_TrainingRequest\dist\out-tsc\app\new-training-request\new-training-request.component.spec.js
C:\Users\aanchalbansal\source\repos\DPMTrainingRequest\DPMTrainingRequest\client\DPM_TrainingRequest\dist\out-tsc\app\new-training-request\new-training-request.component.spec.js.map
C:\Users\aanchalbansal\source\repos\DPMTrainingRequest\DPMTrainingRequest\client\DPM_TrainingRequest\dist\out-tsc\app\overview\overview.component.spec.js
C:\Users\aanchalbansal\source\repos\DPMTrainingRequest\DPMTrainingRequest\client\DPM_TrainingRequest\dist\out-tsc\app\overview\overview.component.spec.js.map
C:\Users\aanchalbansal\source\repos\DPMTrainingRequest\DPMTrainingRequest\client\DPM_TrainingRequest\dist\out-tsc\app\request-queue\request-queue.component.spec.js
C:\Users\aanchalbansal\source\repos\DPMTrainingRequest\DPMTrainingRequest\client\DPM_TrainingRequest\dist\out-tsc\app\request-queue\request-queue.component.spec.js.map
